Starting audit...
[ERROR] C:\Users\akshitha\Desktop\ADS_1\ADS_1 assignments\m18\Week-3_Assignment-1\Solution.java:78:40: ';' is preceded with whitespace. [NoWhitespaceBefore]
[ERROR] C:\Users\akshitha\Desktop\ADS_1\ADS_1 assignments\m18\Week-3_Assignment-1\Solution.java:83:14: '}' is not followed by whitespace. [WhitespaceAround]
[ERROR] C:\Users\akshitha\Desktop\ADS_1\ADS_1 assignments\m18\Week-3_Assignment-1\Solution.java:103:11: 'if' is not followed by whitespace. [WhitespaceAfter]
Audit done.
Checkstyle ends with 3 errors.
