Starting audit...
[ERROR] C:\Users\akshitha\Desktop\ADS_1\ADS_1 assignments\m24\1\Solution.java:2: Missing a Javadoc comment. [JavadocType]
[ERROR] C:\Users\akshitha\Desktop\ADS_1\ADS_1 assignments\m24\1\Solution.java:3:1: File contains tab characters (this is the first instance). [FileTabCharacter]
[ERROR] C:\Users\akshitha\Desktop\ADS_1\ADS_1 assignments\m24\1\Solution.java:3:9: Missing a Javadoc comment. [JavadocVariable]
[ERROR] C:\Users\akshitha\Desktop\ADS_1\ADS_1 assignments\m24\1\Solution.java:4:9: Missing a Javadoc comment. [JavadocVariable]
[ERROR] C:\Users\akshitha\Desktop\ADS_1\ADS_1 assignments\m24\1\Solution.java:5:9: Missing a Javadoc comment. [JavadocVariable]
[ERROR] C:\Users\akshitha\Desktop\ADS_1\ADS_1 assignments\m24\1\Solution.java:6:9: Missing a Javadoc comment. [JavadocMethod]
[ERROR] C:\Users\akshitha\Desktop\ADS_1\ADS_1 assignments\m24\1\Solution.java:6:17: Parameter n should be final. [FinalParameters]
[ERROR] C:\Users\akshitha\Desktop\ADS_1\ADS_1 assignments\m24\1\Solution.java:6:27: Parameter r should be final. [FinalParameters]
[ERROR] C:\Users\akshitha\Desktop\ADS_1\ADS_1 assignments\m24\1\Solution.java:6:34: Parameter m should be final. [FinalParameters]
[ERROR] C:\Users\akshitha\Desktop\ADS_1\ADS_1 assignments\m24\1\Solution.java:9:27: '=' is not preceded with whitespace. [WhitespaceAround]
[ERROR] C:\Users\akshitha\Desktop\ADS_1\ADS_1 assignments\m24\1\Solution.java:11:9: Missing a Javadoc comment. [JavadocMethod]
[ERROR] C:\Users\akshitha\Desktop\ADS_1\ADS_1 assignments\m24\1\Solution.java:15:9: Missing a Javadoc comment. [JavadocMethod]
[ERROR] C:\Users\akshitha\Desktop\ADS_1\ADS_1 assignments\m24\1\Solution.java:19:9: Missing a Javadoc comment. [JavadocMethod]
[ERROR] C:\Users\akshitha\Desktop\ADS_1\ADS_1 assignments\m24\1\Solution.java:25:9: Missing a Javadoc comment. [JavadocMethod]
[ERROR] C:\Users\akshitha\Desktop\ADS_1\ADS_1 assignments\m24\1\Solution.java:32: Missing a Javadoc comment. [JavadocType]
[ERROR] C:\Users\akshitha\Desktop\ADS_1\ADS_1 assignments\m24\1\Solution.java:363: Missing a Javadoc comment. [JavadocType]
[ERROR] C:\Users\akshitha\Desktop\ADS_1\ADS_1 assignments\m24\1\Solution.java:363:1: Utility classes should not have a public or default constructor. [HideUtilityClassConstructor]
[ERROR] C:\Users\akshitha\Desktop\ADS_1\ADS_1 assignments\m24\1\Solution.java:363:15: '{' is not preceded with whitespace. [WhitespaceAround]
[ERROR] C:\Users\akshitha\Desktop\ADS_1\ADS_1 assignments\m24\1\Solution.java:365:9: Missing a Javadoc comment. [JavadocMethod]
[ERROR] C:\Users\akshitha\Desktop\ADS_1\ADS_1 assignments\m24\1\Solution.java:367:10: '}' is not followed by whitespace. [WhitespaceAround]
[ERROR] C:\Users\akshitha\Desktop\ADS_1\ADS_1 assignments\m24\1\Solution.java:367:10: Missing a Javadoc comment. [JavadocMethod]
[ERROR] C:\Users\akshitha\Desktop\ADS_1\ADS_1 assignments\m24\1\Solution.java:367:34: Parameter args should be final. [FinalParameters]
[ERROR] C:\Users\akshitha\Desktop\ADS_1\ADS_1 assignments\m24\1\Solution.java:372: Line has trailing spaces. [RegexpSingleline]
[ERROR] C:\Users\akshitha\Desktop\ADS_1\ADS_1 assignments\m24\1\Solution.java:373: Line has trailing spaces. [RegexpSingleline]
Audit done.
Checkstyle ends with 24 errors.
